c:\users\fntps\source\repos\winapilecture\client\x64\debug\vc142.pdb
c:\users\fntps\source\repos\winapilecture\client\x64\debug\vc142.idb
c:\users\fntps\source\repos\winapilecture\client\x64\debug\unity_jbpfzi926b9wlzbo.obj
c:\users\fntps\source\repos\winapilecture\client\x64\debug\unity_iqo8f98zqqv7pab9.obj
c:\users\fntps\source\repos\winapilecture\client\x64\debug\unity_ie3h1hy3psb83y03.obj
c:\users\fntps\source\repos\winapilecture\client\x64\debug\unity_6g1ufsfhh7vojhd2.obj
c:\users\fntps\source\repos\winapilecture\client\x64\debug\client.res
c:\users\fntps\source\repos\winapilecture\output\bin_debug\client.pdb
c:\users\fntps\source\repos\winapilecture\client\x64\debug\client.tlog\cl.command.1.tlog
c:\users\fntps\source\repos\winapilecture\client\x64\debug\client.tlog\cl.read.1.tlog
c:\users\fntps\source\repos\winapilecture\client\x64\debug\client.tlog\cl.write.1.tlog
c:\users\fntps\source\repos\winapilecture\client\x64\debug\client.tlog\link-cvtres.read.1.tlog
c:\users\fntps\source\repos\winapilecture\client\x64\debug\client.tlog\link-cvtres.write.1.tlog
c:\users\fntps\source\repos\winapilecture\client\x64\debug\client.tlog\link-rc.read.1.tlog
c:\users\fntps\source\repos\winapilecture\client\x64\debug\client.tlog\link-rc.write.1.tlog
c:\users\fntps\source\repos\winapilecture\client\x64\debug\client.tlog\link.5324-cvtres.read.1.tlog
c:\users\fntps\source\repos\winapilecture\client\x64\debug\client.tlog\link.5324-cvtres.write.1.tlog
c:\users\fntps\source\repos\winapilecture\client\x64\debug\client.tlog\link.5324-rc.read.1.tlog
c:\users\fntps\source\repos\winapilecture\client\x64\debug\client.tlog\link.5324-rc.write.1.tlog
c:\users\fntps\source\repos\winapilecture\client\x64\debug\client.tlog\link.5324.read.1.tlog
c:\users\fntps\source\repos\winapilecture\client\x64\debug\client.tlog\link.5324.write.1.tlog
c:\users\fntps\source\repos\winapilecture\client\x64\debug\client.tlog\link.command.1.tlog
c:\users\fntps\source\repos\winapilecture\client\x64\debug\client.tlog\link.read.1.tlog
c:\users\fntps\source\repos\winapilecture\client\x64\debug\client.tlog\link.write.1.tlog
c:\users\fntps\source\repos\winapilecture\client\x64\debug\client.tlog\rc.command.1.tlog
c:\users\fntps\source\repos\winapilecture\client\x64\debug\client.tlog\rc.read.1.tlog
c:\users\fntps\source\repos\winapilecture\client\x64\debug\client.tlog\rc.write.1.tlog
